
/////////////////////////////////// - This is test output - ////////////////////////////////////////////


----------CHROME------------


-----------------------------------------------------------------------------


in....java.util.TreeMap$ValueIterator@400cff1a
Signed In Successfully..!!
Account Type : EO.
Event Name on Page :“CU Band’s Final Call Concert”
On right event Page..!!
tkt_type: input[value='2,521, 1']
Payment Mode : CARD 
Asking for 2C2P OTP in UAT.
FirstLook went fine.

-----------------------------------------------------------------------------


in....java.util.TreeMap$ValueIterator@400cff1a
Signed In Successfully..!!
Account Type : EO.
Event Name on Page :Bangkok Beer Festival: EP.1 The Beginning Of Hopster
On right event Page..!!
tkt_type: input[value='2,656, 1']
Payment Mode : CASH 
123 Service Asking for Phone number
Got the Payment Code.
FirstLook went fine.

-----------------------------------------------------------------------------


in....java.util.TreeMap$ValueIterator@400cff1a
org.openqa.selenium.WebDriverException: 
Build info: version: 'unknown', revision: 'unknown', time: 'unknown'
System info: host: 'DESKTOP-13HAHCP', ip: '192.168.20.144', os.name: 'Windows 10', os.arch: 'amd64', os.version: '10.0', java.version: '1.8.0_131'
Driver info: org.openqa.selenium.firefox.FirefoxDriver
Capabilities [{moz:profile=C:\Users\DELL\AppData\Local\Temp\rust_mozprofile.K2XBtZXMO4HK, rotatable=false, timeouts={implicit=0.0, pageLoad=300000.0, script=30000.0}, pageLoadStrategy=normal, platform=ANY, specificationLevel=0.0, moz:accessibilityChecks=false, acceptInsecureCerts=false, browserVersion=55.0.2, platformVersion=10.0, moz:processID=8272.0, browserName=firefox, javascriptEnabled=true, platformName=windows_nt}]
Session ID: f60d4087-9a52-418f-a9e0-1894154eb901
	at sun.reflect.NativeConstructorAccessorImpl.newInstance0(Native Method)
	at sun.reflect.NativeConstructorAccessorImpl.newInstance(Unknown Source)
	at sun.reflect.DelegatingConstructorAccessorImpl.newInstance(Unknown Source)
	at java.lang.reflect.Constructor.newInstance(Unknown Source)
	at org.openqa.selenium.remote.http.W3CHttpResponseCodec.createException(W3CHttpResponseCodec.java:150)
	at org.openqa.selenium.remote.http.W3CHttpResponseCodec.decode(W3CHttpResponseCodec.java:115)
	at org.openqa.selenium.remote.http.W3CHttpResponseCodec.decode(W3CHttpResponseCodec.java:45)
	at org.openqa.selenium.remote.HttpCommandExecutor.execute(HttpCommandExecutor.java:164)
	at org.openqa.selenium.remote.service.DriverCommandExecutor.execute(DriverCommandExecutor.java:82)
	at org.openqa.selenium.remote.RemoteWebDriver.execute(RemoteWebDriver.java:637)
	at org.openqa.selenium.remote.RemoteWebDriver.get(RemoteWebDriver.java:364)
	at FirstLook_TB.firstLook_TB_Chrome(FirstLook_TB.java:201)
	at ChromeTest.main(ChromeTest.java:66)


-----------------------------------------------------------------------------


in....java.util.TreeMap$ValueIterator@400cff1a
org.openqa.selenium.WebDriverException: 
Build info: version: 'unknown', revision: 'unknown', time: 'unknown'
System info: host: 'DESKTOP-13HAHCP', ip: '192.168.20.144', os.name: 'Windows 10', os.arch: 'amd64', os.version: '10.0', java.version: '1.8.0_131'
Driver info: org.openqa.selenium.firefox.FirefoxDriver
Capabilities [{moz:profile=C:\Users\DELL\AppData\Local\Temp\rust_mozprofile.rabYgUODGyC9, rotatable=false, timeouts={implicit=0.0, pageLoad=300000.0, script=30000.0}, pageLoadStrategy=normal, platform=ANY, specificationLevel=0.0, moz:accessibilityChecks=false, acceptInsecureCerts=false, browserVersion=55.0.2, platformVersion=10.0, moz:processID=13396.0, browserName=firefox, javascriptEnabled=true, platformName=windows_nt}]
Session ID: 694fbe4a-d2ea-4ba9-adc8-5d030cc9e7b1
	at sun.reflect.NativeConstructorAccessorImpl.newInstance0(Native Method)
	at sun.reflect.NativeConstructorAccessorImpl.newInstance(Unknown Source)
	at sun.reflect.DelegatingConstructorAccessorImpl.newInstance(Unknown Source)
	at java.lang.reflect.Constructor.newInstance(Unknown Source)
	at org.openqa.selenium.remote.http.W3CHttpResponseCodec.createException(W3CHttpResponseCodec.java:150)
	at org.openqa.selenium.remote.http.W3CHttpResponseCodec.decode(W3CHttpResponseCodec.java:115)
	at org.openqa.selenium.remote.http.W3CHttpResponseCodec.decode(W3CHttpResponseCodec.java:45)
	at org.openqa.selenium.remote.HttpCommandExecutor.execute(HttpCommandExecutor.java:164)
	at org.openqa.selenium.remote.service.DriverCommandExecutor.execute(DriverCommandExecutor.java:82)
	at org.openqa.selenium.remote.RemoteWebDriver.execute(RemoteWebDriver.java:637)
	at org.openqa.selenium.remote.RemoteWebDriver.get(RemoteWebDriver.java:364)
	at FirstLook_TB.firstLook_TB_Chrome(FirstLook_TB.java:201)
	at ChromeTest.main(ChromeTest.java:66)


-----------------------------------------------------------------------------


in....java.util.TreeMap$ValueIterator@400cff1a
Signed In Successfully..!!
Account Type : TB.
link :https://uat3.ticketmelon.com/event/strfkr
link :https://uat3.ticketmelon.com/event/strfkr
link :https://uat3.ticketmelon.com/event/edmboatparty5
link :https://uat3.ticketmelon.com/event/edmboatparty5
link :https://uat3.ticketmelon.com/event/healthymomhealthyme
link :https://uat3.ticketmelon.com/event/healthymomhealthyme
link :https://uat3.ticketmelon.com/event/tuxedoliveinbangkok
link :https://uat3.ticketmelon.com/event/tuxedoliveinbangkok
link :https://uat3.ticketmelon.com/event/reorder
link :https://uat3.ticketmelon.com/event/reorder
link :https://uat3.ticketmelon.com/event/chonburi-cycling-2017
lowercase of event name:chonburi-cycling-2017
Event Name on Page :
On wrong event Page..!!

-----------------------------------------------------------------------------


in....java.util.TreeMap$ValueIterator@400cff1a
Signed In Successfully..!!
Account Type : TB.
Event Name on Page :The Gathering 1.5: Bangkok Edition
On right event Page..!!
tkt_type: input[value='2,483, 1']
Payment Mode : CASH 
Cash Payment couldn't be completed because : 123 Service Session Timed Out

-----------------------------------------------------------------------------


in....java.util.TreeMap$ValueIterator@400cff1a
Signed In Successfully..!!
Account Type : TB.
Event Name on Page :EDM Boat Party - Season 5
On right event Page..!!
tkt_type: input[value='2,671, 1']
Payment Mode : CASH 
Cash Payment couldn't be completed because : 123 Service Session Timed Out

----------FIREFOX------------


-----------------------------------------------------------------------------

in....java.util.TreeMap$ValueIterator@628c4ac0
Signed In Successfully..!!
Account Type : EO.
org.openqa.selenium.NoSuchElementException: Unable to locate element: //img[contains(@src,'https://s3-ap-southeast-1.amazonaws.com/poster.ticketmelon.com/95922ce9557d4cee393a6158e1df0f7f_ticket01-01-02.jpg')]
For documentation on this error, please visit: http://seleniumhq.org/exceptions/no_such_element.html
Build info: version: 'unknown', revision: 'unknown', time: 'unknown'
System info: host: 'DESKTOP-13HAHCP', ip: '192.168.20.144', os.name: 'Windows 10', os.arch: 'amd64', os.version: '10.0', java.version: '1.8.0_131'
Driver info: org.openqa.selenium.firefox.FirefoxDriver
Capabilities [{moz:profile=C:\Users\DELL\AppData\Local\Temp\rust_mozprofile.DUiv7SwqSSOc, rotatable=false, timeouts={implicit=0.0, pageLoad=300000.0, script=30000.0}, pageLoadStrategy=normal, platform=ANY, specificationLevel=0.0, moz:accessibilityChecks=false, acceptInsecureCerts=true, browserVersion=55.0.2, platformVersion=10.0, moz:processID=31072.0, browserName=firefox, javascriptEnabled=true, platformName=windows_nt}]
Session ID: dee04843-9e44-4f52-9c8e-66c900eea90e
*** Element info: {Using=xpath, value=//img[contains(@src,'https://s3-ap-southeast-1.amazonaws.com/poster.ticketmelon.com/95922ce9557d4cee393a6158e1df0f7f_ticket01-01-02.jpg')]}
	at sun.reflect.NativeConstructorAccessorImpl.newInstance0(Native Method)
	at sun.reflect.NativeConstructorAccessorImpl.newInstance(Unknown Source)
	at sun.reflect.DelegatingConstructorAccessorImpl.newInstance(Unknown Source)
	at java.lang.reflect.Constructor.newInstance(Unknown Source)
	at org.openqa.selenium.remote.http.W3CHttpResponseCodec.createException(W3CHttpResponseCodec.java:150)
	at org.openqa.selenium.remote.http.W3CHttpResponseCodec.decode(W3CHttpResponseCodec.java:115)
	at org.openqa.selenium.remote.http.W3CHttpResponseCodec.decode(W3CHttpResponseCodec.java:45)
	at org.openqa.selenium.remote.HttpCommandExecutor.execute(HttpCommandExecutor.java:164)
	at org.openqa.selenium.remote.service.DriverCommandExecutor.execute(DriverCommandExecutor.java:82)
	at org.openqa.selenium.remote.RemoteWebDriver.execute(RemoteWebDriver.java:637)
	at org.openqa.selenium.remote.RemoteWebDriver.findElement(RemoteWebDriver.java:410)
	at org.openqa.selenium.remote.RemoteWebDriver.findElementByXPath(RemoteWebDriver.java:509)
	at org.openqa.selenium.By$ByXPath.findElement(By.java:361)
	at org.openqa.selenium.remote.RemoteWebDriver.findElement(RemoteWebDriver.java:402)
	at FirstLook_TB.firstLook_TB_FF(FirstLook_TB.java:880)
	at ChromeTest.main(ChromeTest.java:68)


-----------------------------------------------------------------------------

in....java.util.TreeMap$ValueIterator@628c4ac0
Signed In Successfully..!!
Account Type : EO.
Event Name on Page :Bangkok Beer Festival: EP.1 The Beginning Of Hopster
On right event Page..!!
tkt_type: input[value='2,656, 1']
Payment Mode : CASH 
123 Service Asking for Phone number
Got the Payment Code.
FirstLook went fine.

-----------------------------------------------------------------------------

in....java.util.TreeMap$ValueIterator@628c4ac0
Signed In Successfully..!!
Account Type : TB.
Event Name on Page :TLT Beach Party
On right event Page..!!
tkt_type: input[value='2,201, 1']
Payment Mode : CASH 
Alert data: Please fill you infomation in required fields (*)

-----------------------------------------------------------------------------

in....java.util.TreeMap$ValueIterator@628c4ac0
Signed In Successfully..!!
Account Type : EO.
lowercase of event name:qa-test-email-july27
org.openqa.selenium.NoSuchElementException: Unable to locate element: h3
For documentation on this error, please visit: http://seleniumhq.org/exceptions/no_such_element.html
Build info: version: 'unknown', revision: 'unknown', time: 'unknown'
System info: host: 'DESKTOP-13HAHCP', ip: '192.168.20.144', os.name: 'Windows 10', os.arch: 'amd64', os.version: '10.0', java.version: '1.8.0_131'
Driver info: org.openqa.selenium.firefox.FirefoxDriver
Capabilities [{moz:profile=C:\Users\DELL\AppData\Local\Temp\rust_mozprofile.iWzUN1tthxrb, rotatable=false, timeouts={implicit=0.0, pageLoad=300000.0, script=30000.0}, pageLoadStrategy=normal, platform=ANY, specificationLevel=0.0, moz:accessibilityChecks=false, acceptInsecureCerts=true, browserVersion=55.0.2, platformVersion=10.0, moz:processID=31840.0, browserName=firefox, javascriptEnabled=true, platformName=windows_nt}]
Session ID: becdadcc-f840-4468-b092-96bf1c7ddf77
*** Element info: {Using=tag name, value=h3}
	at sun.reflect.NativeConstructorAccessorImpl.newInstance0(Native Method)
	at sun.reflect.NativeConstructorAccessorImpl.newInstance(Unknown Source)
	at sun.reflect.DelegatingConstructorAccessorImpl.newInstance(Unknown Source)
	at java.lang.reflect.Constructor.newInstance(Unknown Source)
	at org.openqa.selenium.remote.http.W3CHttpResponseCodec.createException(W3CHttpResponseCodec.java:150)
	at org.openqa.selenium.remote.http.W3CHttpResponseCodec.decode(W3CHttpResponseCodec.java:115)
	at org.openqa.selenium.remote.http.W3CHttpResponseCodec.decode(W3CHttpResponseCodec.java:45)
	at org.openqa.selenium.remote.HttpCommandExecutor.execute(HttpCommandExecutor.java:164)
	at org.openqa.selenium.remote.service.DriverCommandExecutor.execute(DriverCommandExecutor.java:82)
	at org.openqa.selenium.remote.RemoteWebDriver.execute(RemoteWebDriver.java:637)
	at org.openqa.selenium.remote.RemoteWebDriver.findElement(RemoteWebDriver.java:410)
	at org.openqa.selenium.remote.RemoteWebDriver.findElementByTagName(RemoteWebDriver.java:477)
	at org.openqa.selenium.By$ByTagName.findElement(By.java:334)
	at org.openqa.selenium.remote.RemoteWebDriver.findElement(RemoteWebDriver.java:402)
	at FirstLook_TB.firstLook_TB_FF(FirstLook_TB.java:889)
	at ChromeTest.main(ChromeTest.java:68)


-----------------------------------------------------------------------------

in....java.util.TreeMap$ValueIterator@628c4ac0
Signed In Successfully..!!
Account Type : TB.
link :https://uat3.ticketmelon.com/event/strfkr
link :https://uat3.ticketmelon.com/event/strfkr
link :https://uat3.ticketmelon.com/event/edmboatparty5
link :https://uat3.ticketmelon.com/event/edmboatparty5
link :https://uat3.ticketmelon.com/event/healthymomhealthyme
link :https://uat3.ticketmelon.com/event/healthymomhealthyme
link :https://uat3.ticketmelon.com/event/tuxedoliveinbangkok
link :https://uat3.ticketmelon.com/event/tuxedoliveinbangkok
link :https://uat3.ticketmelon.com/event/reorder
link :https://uat3.ticketmelon.com/event/reorder
link :https://uat3.ticketmelon.com/event/chonburi-cycling-2017
lowercase of event name:chonburi-cycling-2017
Event Name on Page :
On wrong event Page..!!

-----------------------------------------------------------------------------

in....java.util.TreeMap$ValueIterator@628c4ac0
Signed In Successfully..!!
Account Type : TB.
Event Name on Page :The Gathering 1.5: Bangkok Edition
On right event Page..!!
tkt_type: input[value='2,483, 1']
Payment Mode : CASH 
Cash Payment couldn't be completed because : 123 Service Session Timed Out

-----------------------------------------------------------------------------

in....java.util.TreeMap$ValueIterator@628c4ac0
Signed In Successfully..!!
Account Type : TB.
Event Name on Page :EDM Boat Party - Season 5
On right event Page..!!
tkt_type: input[value='2,671, 1']
Payment Mode : CASH 
Cash Payment couldn't be completed because : 123 Service Session Timed Out
